\BOOKMARK [1][-]{section.1}{215A - Introduction and Review}{}% 1
\BOOKMARK [2][-]{subsection.1.1}{\(,t\) and \(,t\) }{section.1}% 2
\BOOKMARK [2][-]{subsection.1.2}{ \(, t\) \(, t\) via Fourier Transforms}{section.1}% 3
\BOOKMARK [2][-]{subsection.1.3}{The Hamiltonian and the Wave Equation}{section.1}% 4
\BOOKMARK [2][-]{subsection.1.4}{Probability Density and Probability Current}{section.1}% 5
\BOOKMARK [2][-]{subsection.1.5}{Scalar Products}{section.1}% 6
\BOOKMARK [1][-]{section.2}{Uncertainty Principle from Schwarz's Inequality}{}% 7
\BOOKMARK [2][-]{subsection.2.1}{Special case when x px =/2}{section.2}% 8
\BOOKMARK [1][-]{section.3}{The Dirac Delta Function}{}% 9
\BOOKMARK [2][-]{subsection.3.1}{Common Representations of the -function}{section.3}% 10
\BOOKMARK [2][-]{subsection.3.2}{3-dimensional -functions}{section.3}% 11
\BOOKMARK [2][-]{subsection.3.3}{Relations involving the -Function}{section.3}% 12
\BOOKMARK [2][-]{subsection.3.4}{Digression on Riemann-Steltjes Integrals}{section.3}% 13
\BOOKMARK [2][-]{subsection.3.5}{Riemann-Steltjes Integrals}{section.3}% 14
\BOOKMARK [1][-]{section.4}{Wave Packets}{}% 15
\BOOKMARK [2][-]{subsection.4.1}{A Simple Wave Packet}{section.4}% 16
\BOOKMARK [2][-]{subsection.4.2}{The Relation x k 1}{section.4}% 17
\BOOKMARK [2][-]{subsection.4.3}{General Wave Packets \046 Group Velocity}{section.4}% 18
\BOOKMARK [2][-]{subsection.4.4}{A Wave Packet Striking a Potential Step}{section.4}% 19
\BOOKMARK [2][-]{subsection.4.5}{Spreading of the Wave Packets}{section.4}% 20
\BOOKMARK [1][-]{section.5}{Mathematical Framework of Quantum Mechanics}{}% 21
\BOOKMARK [2][-]{subsection.5.1}{Definition of a Field}{section.5}% 22
\BOOKMARK [2][-]{subsection.5.2}{Definition of a Linear Vector Space}{section.5}% 23
\BOOKMARK [2][-]{subsection.5.3}{Definition of an Unitary Space}{section.5}% 24
\BOOKMARK [2][-]{subsection.5.4}{Definition of a Hilbert Space}{section.5}% 25
\BOOKMARK [2][-]{subsection.5.5}{Linear Operators}{section.5}% 26
\BOOKMARK [2][-]{subsection.5.6}{Dirac's Bra and Ket Notation 1}{section.5}% 27
\BOOKMARK [2][-]{subsection.5.7}{The Dual Space 1}{section.5}% 28
\BOOKMARK [2][-]{subsection.5.8}{The Dual Space 2}{section.5}% 29
\BOOKMARK [2][-]{subsection.5.9}{Dirac's Bra and Ket Notation 2}{section.5}% 30
\BOOKMARK [2][-]{subsection.5.10}{Hermitian Operators}{section.5}% 31
\BOOKMARK [2][-]{subsection.5.11}{Eigenvalues and Eigenspectra}{section.5}% 32
\BOOKMARK [2][-]{subsection.5.12}{Projection Operators}{section.5}% 33
\BOOKMARK [2][-]{subsection.5.13}{Matrices and the Matrix Representation}{section.5}% 34
\BOOKMARK [2][-]{subsection.5.14}{Infinite Matrices}{section.5}% 35
\BOOKMARK [2][-]{subsection.5.15}{The Connection Between Matrices, Operators, and Vectors}{section.5}% 36
\BOOKMARK [2][-]{subsection.5.16}{Unitary Transformations}{section.5}% 37
\BOOKMARK [1][-]{section.6}{Physical Framework of Quantum Mechanics}{}% 38
