This is pdfTeX, Version 3.141592653-2.6-1.40.24 (TeX Live 2022) (preloaded format=pdflatex 2023.2.20)  20 MAY 2023 15:33
entering extended mode
 \write18 enabled.
 %&-line parsing enabled.
**true_notes.tex
(./true_notes.tex
LaTeX2e <2022-11-01> patch level 1
L3 programming layer <2023-02-07>
(/usr/local/texlive/2022/texmf-dist/tex/latex/base/article.cls
Document Class: article 2022/07/02 v1.4n Standard LaTeX document class
(/usr/local/texlive/2022/texmf-dist/tex/latex/base/size10.clo
File: size10.clo 2022/07/02 v1.4n Standard LaTeX file (size option)
)
\c@part=\count185
\c@section=\count186
\c@subsection=\count187
\c@subsubsection=\count188
\c@paragraph=\count189
\c@subparagraph=\count190
\c@figure=\count191
\c@table=\count192
\abovecaptionskip=\skip48
\belowcaptionskip=\skip49
\bibindent=\dimen140
)
(/usr/local/texlive/2022/texmf-dist/tex/latex/amsmath/amsmath.sty
Package: amsmath 2022/04/08 v2.17n AMS math features
\@mathmargin=\skip50

For additional information on amsmath, use the `?' option.
(/usr/local/texlive/2022/texmf-dist/tex/latex/amsmath/amstext.sty
Package: amstext 2021/08/26 v2.01 AMS text

(/usr/local/texlive/2022/texmf-dist/tex/latex/amsmath/amsgen.sty
File: amsgen.sty 1999/11/30 v2.0 generic functions
\@emptytoks=\toks16
\ex@=\dimen141
))
(/usr/local/texlive/2022/texmf-dist/tex/latex/amsmath/amsbsy.sty
Package: amsbsy 1999/11/29 v1.2d Bold Symbols
\pmbraise@=\dimen142
)
(/usr/local/texlive/2022/texmf-dist/tex/latex/amsmath/amsopn.sty
Package: amsopn 2022/04/08 v2.04 operator names
)
\inf@bad=\count193
LaTeX Info: Redefining \frac on input line 234.
\uproot@=\count194
\leftroot@=\count195
LaTeX Info: Redefining \overline on input line 399.
LaTeX Info: Redefining \colon on input line 410.
\classnum@=\count196
\DOTSCASE@=\count197
LaTeX Info: Redefining \ldots on input line 496.
LaTeX Info: Redefining \dots on input line 499.
LaTeX Info: Redefining \cdots on input line 620.
\Mathstrutbox@=\box51
\strutbox@=\box52
LaTeX Info: Redefining \big on input line 722.
LaTeX Info: Redefining \Big on input line 723.
LaTeX Info: Redefining \bigg on input line 724.
LaTeX Info: Redefining \Bigg on input line 725.
\big@size=\dimen143
LaTeX Font Info:    Redeclaring font encoding OML on input line 743.
LaTeX Font Info:    Redeclaring font encoding OMS on input line 744.
\macc@depth=\count198
LaTeX Info: Redefining \bmod on input line 905.
LaTeX Info: Redefining \pmod on input line 910.
LaTeX Info: Redefining \smash on input line 940.
LaTeX Info: Redefining \relbar on input line 970.
LaTeX Info: Redefining \Relbar on input line 971.
\c@MaxMatrixCols=\count199
\dotsspace@=\muskip16
\c@parentequation=\count266
\dspbrk@lvl=\count267
\tag@help=\toks17
\row@=\count268
\column@=\count269
\maxfields@=\count270
\andhelp@=\toks18
\eqnshift@=\dimen144
\alignsep@=\dimen145
\tagshift@=\dimen146
\tagwidth@=\dimen147
\totwidth@=\dimen148
\lineht@=\dimen149
\@envbody=\toks19
\multlinegap=\skip51
\multlinetaggap=\skip52
\mathdisplay@stack=\toks20
LaTeX Info: Redefining \[ on input line 2953.
LaTeX Info: Redefining \] on input line 2954.
)
(/usr/local/texlive/2022/texmf-dist/tex/latex/amsfonts/amssymb.sty
Package: amssymb 2013/01/14 v3.01 AMS font symbols

(/usr/local/texlive/2022/texmf-dist/tex/latex/amsfonts/amsfonts.sty
Package: amsfonts 2013/01/14 v3.01 Basic AMSFonts support
\symAMSa=\mathgroup4
\symAMSb=\mathgroup5
LaTeX Font Info:    Redeclaring math symbol \hbar on input line 98.
LaTeX Font Info:    Overwriting math alphabet `\mathfrak' in version `bold'
(Font)                  U/euf/m/n --> U/euf/b/n on input line 106.
))
(/usr/local/texlive/2022/texmf-dist/tex/latex/base/latexsym.sty
Package: latexsym 1998/08/17 v2.2e Standard LaTeX package (lasy symbols)
\symlasy=\mathgroup6
LaTeX Font Info:    Overwriting symbol font `lasy' in version `bold'
(Font)                  U/lasy/m/n --> U/lasy/b/n on input line 52.
)
(/usr/local/texlive/2022/texmf-dist/tex/latex/l3backend/l3backend-pdftex.def
File: l3backend-pdftex.def 2023-01-16 L3 backend support: PDF output (pdfTeX)
\l__color_backend_stack_int=\count271
\l__pdf_internal_box=\box53
)

LaTeX Warning: Unused global option(s):
    [epsf].

(./true_notes.aux)
\openout1 = `true_notes.aux'.

LaTeX Font Info:    Checking defaults for OML/cmm/m/it on input line 41.
LaTeX Font Info:    ... okay on input line 41.
LaTeX Font Info:    Checking defaults for OMS/cmsy/m/n on input line 41.
LaTeX Font Info:    ... okay on input line 41.
LaTeX Font Info:    Checking defaults for OT1/cmr/m/n on input line 41.
LaTeX Font Info:    ... okay on input line 41.
LaTeX Font Info:    Checking defaults for T1/cmr/m/n on input line 41.
LaTeX Font Info:    ... okay on input line 41.
LaTeX Font Info:    Checking defaults for TS1/cmr/m/n on input line 41.
LaTeX Font Info:    ... okay on input line 41.
LaTeX Font Info:    Checking defaults for OMX/cmex/m/n on input line 41.
LaTeX Font Info:    ... okay on input line 41.
LaTeX Font Info:    Checking defaults for U/cmr/m/n on input line 41.
LaTeX Font Info:    ... okay on input line 41.
LaTeX Font Info:    Trying to load font information for U+msa on input line 119
.

(/usr/local/texlive/2022/texmf-dist/tex/latex/amsfonts/umsa.fd
File: umsa.fd 2013/01/14 v3.01 AMS symbols A
)
LaTeX Font Info:    Trying to load font information for U+msb on input line 119
.

(/usr/local/texlive/2022/texmf-dist/tex/latex/amsfonts/umsb.fd
File: umsb.fd 2013/01/14 v3.01 AMS symbols B
)
LaTeX Font Info:    Trying to load font information for U+lasy on input line 11
9.

(/usr/local/texlive/2022/texmf-dist/tex/latex/base/ulasy.fd
File: ulasy.fd 1998/08/17 v2.2e LaTeX symbol font definitions
) [1

{/usr/local/texlive/2022/texmf-var/fonts/map/pdftex/updmap/pdftex.map}] (./true
_notes.toc)
\tf@toc=\write3
\openout3 = `true_notes.toc'.


[2] [3]

Package amsmath Warning: Foreign command \over;
(amsmath)                \frac or \genfrac should be used instead
(amsmath)                 on input line 215.

(./true_0.tex
Underfull \hbox (badness 10000) in paragraph at lines 3--8
  
 []


Underfull \hbox (badness 10000) in paragraph at lines 9--10
  
 []


Underfull \hbox (badness 10000) in paragraph at lines 11--13
  
 []

[4]
Underfull \hbox (badness 10000) in paragraph at lines 14--17
  
 []


Underfull \hbox (badness 10000) in paragraph at lines 18--19
  
 []


Underfull \hbox (badness 10000) in paragraph at lines 20--21
  
 []


Underfull \hbox (badness 10000) in paragraph at lines 27--30
  
 []


Underfull \hbox (badness 10000) in paragraph at lines 31--35
  
 []


Underfull \hbox (badness 10000) in paragraph at lines 36--38
  
 []

[5]
Underfull \hbox (badness 10000) in paragraph at lines 41--44
  
 []


Underfull \hbox (badness 10000) in paragraph at lines 45--47
  
 []


Underfull \hbox (badness 10000) in paragraph at lines 60--61
  
 []


Underfull \hbox (badness 10000) in paragraph at lines 62--66
  
 []

[6]
Underfull \hbox (badness 10000) in paragraph at lines 68--70
  
 []


Underfull \hbox (badness 10000) in paragraph at lines 71--74
  
 []


Underfull \hbox (badness 10000) in paragraph at lines 75--78
  
 []


Underfull \hbox (badness 10000) in paragraph at lines 79--83
  
 []

[7]
Underfull \hbox (badness 10000) in paragraph at lines 98--99
  
 []


Underfull \hbox (badness 10000) in paragraph at lines 105--106
  
 []

) (./true_1.tex [8]
Underfull \hbox (badness 10000) in paragraph at lines 14--17
  
 []


Underfull \hbox (badness 10000) in paragraph at lines 20--21
  
 []


Underfull \hbox (badness 10000) in paragraph at lines 24--28
  
 []


Underfull \hbox (badness 10000) in paragraph at lines 31--35
  
 []

[9]
Underfull \hbox (badness 10000) in paragraph at lines 38--40
  
 []


Underfull \hbox (badness 10000) in paragraph at lines 43--46
  
 []


Underfull \hbox (badness 10000) in paragraph at lines 47--48
  
 []


Underfull \hbox (badness 10000) in paragraph at lines 51--54
  
 []


Underfull \hbox (badness 10000) in paragraph at lines 55--58
  
 []


Underfull \hbox (badness 10000) in paragraph at lines 59--63
  
 []


Underfull \hbox (badness 10000) in paragraph at lines 64--66
  
 []


Underfull \hbox (badness 10000) in paragraph at lines 67--69
  
 []


Underfull \hbox (badness 10000) in paragraph at lines 70--72
  
 []


Underfull \hbox (badness 10000) in paragraph at lines 73--75
  
 []

[10]
Underfull \hbox (badness 10000) in paragraph at lines 76--77
  
 []


Underfull \hbox (badness 10000) in paragraph at lines 80--84
  
 []


Underfull \hbox (badness 10000) in paragraph at lines 87--92
  
 []


Underfull \hbox (badness 10000) in paragraph at lines 93--94
  
 []

\c@thma=\count272

Overfull \hbox (108.135pt too wide) in paragraph at lines 100--106
 [] []  
 []


Overfull \hbox (108.135pt too wide) in paragraph at lines 107--112
 [] []  
 []


Overfull \hbox (108.135pt too wide) in paragraph at lines 113--119
 [] []  
 []


Overfull \hbox (108.135pt too wide) in paragraph at lines 120--125
 [] []  
 []


Overfull \hbox (108.135pt too wide) in paragraph at lines 127--132
 [] []  
 []

[11]
Underfull \hbox (badness 10000) in paragraph at lines 139--145
  
 []


Underfull \hbox (badness 10000) in paragraph at lines 146--148
  
 []


Overfull \hbox (108.135pt too wide) in paragraph at lines 149--154
 [] []  
 []


Overfull \hbox (108.135pt too wide) in paragraph at lines 162--168
 [] []  
 []


Underfull \hbox (badness 10000) in paragraph at lines 169--170
  
 []


Underfull \hbox (badness 10000) in paragraph at lines 171--174
  
 []


Underfull \hbox (badness 10000) in paragraph at lines 175--179
  
 []

[12]
Underfull \hbox (badness 10000) in paragraph at lines 183--187
  
 []


Underfull \hbox (badness 10000) in paragraph at lines 195--197
  
 []


Underfull \hbox (badness 10000) in paragraph at lines 200--202
  
 []


Underfull \hbox (badness 10000) in paragraph at lines 211--212
  
 []


Underfull \hbox (badness 10000) in paragraph at lines 213--214
  
 []

[13]
Underfull \hbox (badness 10000) in paragraph at lines 243--244
  
 []

[14]
Underfull \hbox (badness 10000) in paragraph at lines 245--247
  
 []


Underfull \hbox (badness 10000) in paragraph at lines 248--250
  
 []


LaTeX Warning: Command \i invalid in math mode on input line 253.


Underfull \hbox (badness 10000) in paragraph at lines 255--257
  
 []


Underfull \hbox (badness 10000) in paragraph at lines 267--270
  
 []


Underfull \hbox (badness 10000) in paragraph at lines 274--276
  
 []

[15]
Underfull \hbox (badness 10000) in paragraph at lines 277--279
  
 []

) (./true_2.tex
Underfull \hbox (badness 10000) in paragraph at lines 4--5
  
 []

[16] [17] [18]) (./true_3.tex [19] [20] [21]
Underfull \hbox (badness 10000) in paragraph at lines 79--81
  
 []


Overfull \hbox (35.22041pt too wide) in paragraph at lines 82--83
 []\twelverm Some of the more ``use-ful'' re-la-tion-ships in-volv-ing the $\OM
L/cmm/m/it/10 ^^N$ \twelverm func-tion are: []  
 []

[22]) [23] (./appendix1.tex [24]) (./appendix2.tex [25]) [26] (./true_notes.aux
) ) 
Here is how much of TeX's memory you used:
 1853 strings out of 476029
 26288 string characters out of 5790172
 1867346 words of memory out of 5000000
 22294 multiletter control sequences out of 15000+600000
 523400 words of font info for 77 fonts, out of 8000000 for 9000
 1141 hyphenation exceptions out of 8191
 56i,10n,62p,492b,186s stack positions out of 10000i,1000n,20000p,200000b,200000s
</usr/local/texlive/2022/texmf-dist/fonts/type1/public/amsfonts/cm/cmbx10.pf
b></usr/local/texlive/2022/texmf-dist/fonts/type1/public/amsfonts/cm/cmbx12.pfb
></usr/local/texlive/2022/texmf-dist/fonts/type1/public/amsfonts/cm/cmex10.pfb>
</usr/local/texlive/2022/texmf-dist/fonts/type1/public/amsfonts/cm/cmmi10.pfb><
/usr/local/texlive/2022/texmf-dist/fonts/type1/public/amsfonts/cm/cmmi12.pfb></
usr/local/texlive/2022/texmf-dist/fonts/type1/public/amsfonts/cm/cmmi5.pfb></us
r/local/texlive/2022/texmf-dist/fonts/type1/public/amsfonts/cm/cmmi7.pfb></usr/
local/texlive/2022/texmf-dist/fonts/type1/public/amsfonts/cm/cmr10.pfb></usr/lo
cal/texlive/2022/texmf-dist/fonts/type1/public/amsfonts/cm/cmr12.pfb></usr/loca
l/texlive/2022/texmf-dist/fonts/type1/public/amsfonts/cm/cmr5.pfb></usr/local/t
exlive/2022/texmf-dist/fonts/type1/public/amsfonts/cm/cmr7.pfb></usr/local/texl
ive/2022/texmf-dist/fonts/type1/public/amsfonts/cm/cmsy10.pfb></usr/local/texli
ve/2022/texmf-dist/fonts/type1/public/amsfonts/cm/cmsy5.pfb></usr/local/texlive
/2022/texmf-dist/fonts/type1/public/amsfonts/cm/cmsy7.pfb></usr/local/texlive/2
022/texmf-dist/fonts/type1/public/amsfonts/cm/cmti10.pfb></usr/local/texlive/20
22/texmf-dist/fonts/type1/public/amsfonts/symbols/msam10.pfb></usr/local/texliv
e/2022/texmf-dist/fonts/type1/public/amsfonts/symbols/msbm10.pfb></usr/local/te
xlive/2022/texmf-dist/fonts/type1/public/amsfonts/symbols/msbm5.pfb></usr/local
/texlive/2022/texmf-dist/fonts/type1/public/amsfonts/symbols/msbm7.pfb>
Output written on true_notes.pdf (26 pages, 297300 bytes).
PDF statistics:
 184 PDF objects out of 1000 (max. 8388607)
 116 compressed objects within 2 object streams
 0 named destinations out of 1000 (max. 500000)
 1 words of extra memory for PDF output out of 10000 (max. 10000000)

